build/app/intermediates/manifest_merge_blame_file/debug/manifest-merger-blame-debug-report.txt
1<?xml version="1.0" encoding="utf-8"?>
2<manifest xmlns:android="http://schemas.android.com/apk/res/android"
3    package="com.example.prevent"
4    android:versionCode="1"
5    android:versionName="1.0.0" >
6
7    <uses-sdk
8        android:minSdkVersion="21"
9        android:targetSdkVersion="28" />
10    <!--
11         Flutter needs it to communicate with the running application
12         to allow setting breakpoints, to provide hot reload, etc.
13    -->
14    <uses-permission android:name="android.permission.INTERNET" />
14-->src/main/AndroidManifest.xml:14:5-66
14-->src/main/AndroidManifest.xml:14:22-64
15    <!--
16     io.flutter.app.FlutterApplication is an android.app.Application that
17         calls FlutterMain.startInitialization(this); in its onCreate method.
18         In most cases you can leave this as-is, but you if you want to provide
19         additional functionality it is fine to subclass or reimplement
20         FlutterApplication and put your custom class here.
21    -->
22    <uses-permission android:name="android.permission.CAMERA" />
22-->src/main/AndroidManifest.xml:9:5-65
22-->src/main/AndroidManifest.xml:9:22-62
23    <uses-permission android:name="android.permission.FLASHLIGHT" />
23-->src/main/AndroidManifest.xml:10:5-69
23-->src/main/AndroidManifest.xml:10:22-66
24    <uses-permission android:name="android.permission.RECORD_AUDIO" />
24-->src/main/AndroidManifest.xml:11:5-70
24-->src/main/AndroidManifest.xml:11:22-68
25    <uses-permission android:name="android.permission.WRITE_EXTERNAL_STORAGE" />
25-->src/main/AndroidManifest.xml:12:5-80
25-->src/main/AndroidManifest.xml:12:22-78
26    <uses-permission android:name="android.permission.VIBRATE" />
26-->src/main/AndroidManifest.xml:13:5-65
26-->src/main/AndroidManifest.xml:13:22-63
27    <uses-permission android:name="android.permission.BLUETOOTH" />
27-->src/main/AndroidManifest.xml:15:5-67
27-->src/main/AndroidManifest.xml:15:22-65
28    <uses-permission android:name="android.permission.BLUETOOTH_ADMIN" />
28-->src/main/AndroidManifest.xml:16:5-73
28-->src/main/AndroidManifest.xml:16:22-71
29    <uses-permission android:name="android.permission.ACCESS_FINE_LOCATION" />
29-->src/main/AndroidManifest.xml:17:5-79
29-->src/main/AndroidManifest.xml:17:22-76
30
31    <uses-feature android:name="android.hardware.camera" />
31-->src/main/AndroidManifest.xml:18:5-60
31-->src/main/AndroidManifest.xml:18:19-57
32    <uses-feature android:name="android.hardware.camera.autofocus" />
32-->src/main/AndroidManifest.xml:19:5-70
32-->src/main/AndroidManifest.xml:19:19-67
33
34    <uses-permission android:name="android.permission.ACCESS_NETWORK_STATE" />
34-->src/main/AndroidManifest.xml:20:5-79
34-->src/main/AndroidManifest.xml:20:22-76
35    <uses-permission android:name="android.permission.CHANGE_NETWORK_STATE" />
35-->src/main/AndroidManifest.xml:21:5-79
35-->src/main/AndroidManifest.xml:21:22-76
36    <uses-permission android:name="android.permission.MODIFY_AUDIO_SETTINGS" />
36-->src/main/AndroidManifest.xml:22:5-80
36-->src/main/AndroidManifest.xml:22:22-77
37    <uses-permission android:name="android.permission.RECEIVE_BOOT_COMPLETED" />
37-->src/main/AndroidManifest.xml:23:5-80
37-->src/main/AndroidManifest.xml:23:22-78
38    <uses-permission android:name="android.permission.VIBRATE" />
38-->src/main/AndroidManifest.xml:13:5-65
38-->src/main/AndroidManifest.xml:13:22-63
39    <uses-permission android:name="android.permission.WAKE_LOCK" />
39-->[androidx.work:work-runtime:2.3.4] AndroidManifest.xml:25:5-68
39-->[androidx.work:work-runtime:2.3.4] AndroidManifest.xml:25:22-65
40    <uses-permission android:name="android.permission.FOREGROUND_SERVICE" />
40-->[androidx.work:work-runtime:2.3.4] AndroidManifest.xml:28:5-77
40-->[androidx.work:work-runtime:2.3.4] AndroidManifest.xml:28:22-74
41
42    <application
42-->src/main/AndroidManifest.xml:26:5-59:19
43        android:name="io.flutter.app.FlutterApplication"
43-->src/main/AndroidManifest.xml:27:9-57
44        android:appComponentFactory="androidx.core.app.CoreComponentFactory"
44-->[androidx.core:core:1.2.0] AndroidManifest.xml:24:18-86
45        android:debuggable="true"
46        android:icon="@mipmap/ic_launcher"
46-->src/main/AndroidManifest.xml:29:9-43
47        android:label="prevent" >
47-->src/main/AndroidManifest.xml:28:9-32
48        <activity
48-->src/main/AndroidManifest.xml:30:9-41:20
49            android:name="com.example.prevent.MainActivity"
49-->src/main/AndroidManifest.xml:31:13-41
50            android:configChanges="orientation|keyboardHidden|keyboard|screenSize|smallestScreenSize|locale|layoutDirection|fontScale|screenLayout|density|uiMode"
50-->src/main/AndroidManifest.xml:34:13-163
51            android:hardwareAccelerated="true"
51-->src/main/AndroidManifest.xml:35:13-47
52            android:launchMode="singleTop"
52-->src/main/AndroidManifest.xml:32:13-43
53            android:theme="@style/LaunchTheme"
53-->src/main/AndroidManifest.xml:33:13-47
54            android:windowSoftInputMode="adjustResize" >
54-->src/main/AndroidManifest.xml:36:13-55
55            <intent-filter>
55-->src/main/AndroidManifest.xml:37:13-40:29
56                <action android:name="android.intent.action.MAIN" />
56-->src/main/AndroidManifest.xml:38:17-68
56-->src/main/AndroidManifest.xml:38:25-66
57
58                <category android:name="android.intent.category.LAUNCHER" />
58-->src/main/AndroidManifest.xml:39:17-76
58-->src/main/AndroidManifest.xml:39:27-74
59            </intent-filter>
60        </activity>
61
62        <receiver android:name="com.dexterous.flutterlocalnotifications.ScheduledNotificationReceiver" />
62-->src/main/AndroidManifest.xml:42:9-106
62-->src/main/AndroidManifest.xml:42:19-103
63        <receiver android:name="com.dexterous.flutterlocalnotifications.ScheduledNotificationBootReceiver" >
63-->src/main/AndroidManifest.xml:43:9-48:20
63-->src/main/AndroidManifest.xml:43:19-107
64            <intent-filter>
64-->src/main/AndroidManifest.xml:44:13-47:29
65                <action android:name="android.intent.action.BOOT_COMPLETED" />
65-->src/main/AndroidManifest.xml:45:17-78
65-->src/main/AndroidManifest.xml:45:25-76
66                <action android:name="android.intent.action.MY_PACKAGE_REPLACED" />
66-->src/main/AndroidManifest.xml:46:17-83
66-->src/main/AndroidManifest.xml:46:25-81
67            </intent-filter>
68        </receiver>
69        <!--
70             Don't delete the meta-data below.
71             This is used by the Flutter tool to generate GeneratedPluginRegistrant.java
72        -->
73        <meta-data
73-->src/main/AndroidManifest.xml:51:9-53:33
74            android:name="flutterEmbedding"
74-->src/main/AndroidManifest.xml:52:13-44
75            android:value="2" />
75-->src/main/AndroidManifest.xml:53:13-30
76        <!-- NOTIFICAÇÂO -->
77        <service
77-->src/main/AndroidManifest.xml:55:9-57:40
78            android:name="com.mythichelm.localnotifications.services.LocalNotificationsService"
78-->src/main/AndroidManifest.xml:56:13-96
79            android:exported="false" />
79-->src/main/AndroidManifest.xml:57:13-37
80
81        <activity
81-->[com.google.android.gms:play-services-base:17.2.1] AndroidManifest.xml:23:9-26:75
82            android:name="com.google.android.gms.common.api.GoogleApiActivity"
82-->[com.google.android.gms:play-services-base:17.2.1] AndroidManifest.xml:24:13-79
83            android:exported="false"
83-->[com.google.android.gms:play-services-base:17.2.1] AndroidManifest.xml:25:13-37
84            android:theme="@android:style/Theme.Translucent.NoTitleBar" />
84-->[com.google.android.gms:play-services-base:17.2.1] AndroidManifest.xml:26:13-72
85
86        <meta-data
86-->[com.google.android.gms:play-services-basement:17.2.1] AndroidManifest.xml:23:9-25:69
87            android:name="com.google.android.gms.version"
87-->[com.google.android.gms:play-services-basement:17.2.1] AndroidManifest.xml:24:13-58
88            android:value="@integer/google_play_services_version" />
88-->[com.google.android.gms:play-services-basement:17.2.1] AndroidManifest.xml:25:13-66
89
90        <provider
90-->[androidx.work:work-runtime:2.3.4] AndroidManifest.xml:31:9-37:35
91            android:name="androidx.work.impl.WorkManagerInitializer"
91-->[androidx.work:work-runtime:2.3.4] AndroidManifest.xml:32:13-69
92            android:authorities="com.example.prevent.workmanager-init"
92-->[androidx.work:work-runtime:2.3.4] AndroidManifest.xml:33:13-68
93            android:directBootAware="false"
93-->[androidx.work:work-runtime:2.3.4] AndroidManifest.xml:34:13-44
94            android:exported="false"
94-->[androidx.work:work-runtime:2.3.4] AndroidManifest.xml:35:13-37
95            android:multiprocess="true" />
95-->[androidx.work:work-runtime:2.3.4] AndroidManifest.xml:36:13-40
96
97        <service
97-->[androidx.work:work-runtime:2.3.4] AndroidManifest.xml:39:9-44:35
98            android:name="androidx.work.impl.background.systemalarm.SystemAlarmService"
98-->[androidx.work:work-runtime:2.3.4] AndroidManifest.xml:40:13-88
99            android:directBootAware="false"
99-->[androidx.work:work-runtime:2.3.4] AndroidManifest.xml:41:13-44
100            android:enabled="@bool/enable_system_alarm_service_default"
100-->[androidx.work:work-runtime:2.3.4] AndroidManifest.xml:42:13-72
101            android:exported="false" />
101-->[androidx.work:work-runtime:2.3.4] AndroidManifest.xml:43:13-37
102        <service
102-->[androidx.work:work-runtime:2.3.4] AndroidManifest.xml:45:9-51:35
103            android:name="androidx.work.impl.background.systemjob.SystemJobService"
103-->[androidx.work:work-runtime:2.3.4] AndroidManifest.xml:46:13-84
104            android:directBootAware="false"
104-->[androidx.work:work-runtime:2.3.4] AndroidManifest.xml:47:13-44
105            android:enabled="@bool/enable_system_job_service_default"
105-->[androidx.work:work-runtime:2.3.4] AndroidManifest.xml:48:13-70
106            android:exported="true"
106-->[androidx.work:work-runtime:2.3.4] AndroidManifest.xml:49:13-36
107            android:permission="android.permission.BIND_JOB_SERVICE" />
107-->[androidx.work:work-runtime:2.3.4] AndroidManifest.xml:50:13-69
108        <service
108-->[androidx.work:work-runtime:2.3.4] AndroidManifest.xml:52:9-57:35
109            android:name="androidx.work.impl.foreground.SystemForegroundService"
109-->[androidx.work:work-runtime:2.3.4] AndroidManifest.xml:53:13-81
110            android:directBootAware="false"
110-->[androidx.work:work-runtime:2.3.4] AndroidManifest.xml:54:13-44
111            android:enabled="@bool/enable_system_foreground_service_default"
111-->[androidx.work:work-runtime:2.3.4] AndroidManifest.xml:55:13-77
112            android:exported="false" />
112-->[androidx.work:work-runtime:2.3.4] AndroidManifest.xml:56:13-37
113
114        <receiver
114-->[androidx.work:work-runtime:2.3.4] AndroidManifest.xml:59:9-64:35
115            android:name="androidx.work.impl.utils.ForceStopRunnable$BroadcastReceiver"
115-->[androidx.work:work-runtime:2.3.4] AndroidManifest.xml:60:13-88
116            android:directBootAware="false"
116-->[androidx.work:work-runtime:2.3.4] AndroidManifest.xml:61:13-44
117            android:enabled="true"
117-->[androidx.work:work-runtime:2.3.4] AndroidManifest.xml:62:13-35
118            android:exported="false" />
118-->[androidx.work:work-runtime:2.3.4] AndroidManifest.xml:63:13-37
119        <receiver
119-->[androidx.work:work-runtime:2.3.4] AndroidManifest.xml:65:9-75:20
120            android:name="androidx.work.impl.background.systemalarm.ConstraintProxy$BatteryChargingProxy"
120-->[androidx.work:work-runtime:2.3.4] AndroidManifest.xml:66:13-106
121            android:directBootAware="false"
121-->[androidx.work:work-runtime:2.3.4] AndroidManifest.xml:67:13-44
122            android:enabled="false"
122-->[androidx.work:work-runtime:2.3.4] AndroidManifest.xml:68:13-36
123            android:exported="false" >
123-->[androidx.work:work-runtime:2.3.4] AndroidManifest.xml:69:13-37
124            <intent-filter>
124-->[androidx.work:work-runtime:2.3.4] AndroidManifest.xml:71:13-74:29
125                <action android:name="android.intent.action.ACTION_POWER_CONNECTED" />
125-->[androidx.work:work-runtime:2.3.4] AndroidManifest.xml:72:17-87
125-->[androidx.work:work-runtime:2.3.4] AndroidManifest.xml:72:25-84
126                <action android:name="android.intent.action.ACTION_POWER_DISCONNECTED" />
126-->[androidx.work:work-runtime:2.3.4] AndroidManifest.xml:73:17-90
126-->[androidx.work:work-runtime:2.3.4] AndroidManifest.xml:73:25-87
127            </intent-filter>
128        </receiver>
129        <receiver
129-->[androidx.work:work-runtime:2.3.4] AndroidManifest.xml:76:9-86:20
130            android:name="androidx.work.impl.background.systemalarm.ConstraintProxy$BatteryNotLowProxy"
130-->[androidx.work:work-runtime:2.3.4] AndroidManifest.xml:77:13-104
131            android:directBootAware="false"
131-->[androidx.work:work-runtime:2.3.4] AndroidManifest.xml:78:13-44
132            android:enabled="false"
132-->[androidx.work:work-runtime:2.3.4] AndroidManifest.xml:79:13-36
133            android:exported="false" >
133-->[androidx.work:work-runtime:2.3.4] AndroidManifest.xml:80:13-37
134            <intent-filter>
134-->[androidx.work:work-runtime:2.3.4] AndroidManifest.xml:82:13-85:29
135                <action android:name="android.intent.action.BATTERY_OKAY" />
135-->[androidx.work:work-runtime:2.3.4] AndroidManifest.xml:83:17-77
135-->[androidx.work:work-runtime:2.3.4] AndroidManifest.xml:83:25-74
136                <action android:name="android.intent.action.BATTERY_LOW" />
136-->[androidx.work:work-runtime:2.3.4] AndroidManifest.xml:84:17-76
136-->[androidx.work:work-runtime:2.3.4] AndroidManifest.xml:84:25-73
137            </intent-filter>
138        </receiver>
139        <receiver
139-->[androidx.work:work-runtime:2.3.4] AndroidManifest.xml:87:9-97:20
140            android:name="androidx.work.impl.background.systemalarm.ConstraintProxy$StorageNotLowProxy"
140-->[androidx.work:work-runtime:2.3.4] AndroidManifest.xml:88:13-104
141            android:directBootAware="false"
141-->[androidx.work:work-runtime:2.3.4] AndroidManifest.xml:89:13-44
142            android:enabled="false"
142-->[androidx.work:work-runtime:2.3.4] AndroidManifest.xml:90:13-36
143            android:exported="false" >
143-->[androidx.work:work-runtime:2.3.4] AndroidManifest.xml:91:13-37
144            <intent-filter>
144-->[androidx.work:work-runtime:2.3.4] AndroidManifest.xml:93:13-96:29
145                <action android:name="android.intent.action.DEVICE_STORAGE_LOW" />
145-->[androidx.work:work-runtime:2.3.4] AndroidManifest.xml:94:17-83
145-->[androidx.work:work-runtime:2.3.4] AndroidManifest.xml:94:25-80
146                <action android:name="android.intent.action.DEVICE_STORAGE_OK" />
146-->[androidx.work:work-runtime:2.3.4] AndroidManifest.xml:95:17-82
146-->[androidx.work:work-runtime:2.3.4] AndroidManifest.xml:95:25-79
147            </intent-filter>
148        </receiver>
149        <receiver
149-->[androidx.work:work-runtime:2.3.4] AndroidManifest.xml:98:9-107:20
150            android:name="androidx.work.impl.background.systemalarm.ConstraintProxy$NetworkStateProxy"
150-->[androidx.work:work-runtime:2.3.4] AndroidManifest.xml:99:13-103
151            android:directBootAware="false"
151-->[androidx.work:work-runtime:2.3.4] AndroidManifest.xml:100:13-44
152            android:enabled="false"
152-->[androidx.work:work-runtime:2.3.4] AndroidManifest.xml:101:13-36
153            android:exported="false" >
153-->[androidx.work:work-runtime:2.3.4] AndroidManifest.xml:102:13-37
154            <intent-filter>
154-->[androidx.work:work-runtime:2.3.4] AndroidManifest.xml:104:13-106:29
155                <action android:name="android.net.conn.CONNECTIVITY_CHANGE" />
155-->[androidx.work:work-runtime:2.3.4] AndroidManifest.xml:105:17-79
155-->[androidx.work:work-runtime:2.3.4] AndroidManifest.xml:105:25-76
156            </intent-filter>
157        </receiver>
158        <receiver
158-->[androidx.work:work-runtime:2.3.4] AndroidManifest.xml:108:9-119:20
159            android:name="androidx.work.impl.background.systemalarm.RescheduleReceiver"
159-->[androidx.work:work-runtime:2.3.4] AndroidManifest.xml:109:13-88
160            android:directBootAware="false"
160-->[androidx.work:work-runtime:2.3.4] AndroidManifest.xml:110:13-44
161            android:enabled="false"
161-->[androidx.work:work-runtime:2.3.4] AndroidManifest.xml:111:13-36
162            android:exported="false" >
162-->[androidx.work:work-runtime:2.3.4] AndroidManifest.xml:112:13-37
163            <intent-filter>
163-->[androidx.work:work-runtime:2.3.4] AndroidManifest.xml:114:13-118:29
164                <action android:name="android.intent.action.BOOT_COMPLETED" />
164-->src/main/AndroidManifest.xml:45:17-78
164-->src/main/AndroidManifest.xml:45:25-76
165                <action android:name="android.intent.action.TIME_SET" />
165-->[androidx.work:work-runtime:2.3.4] AndroidManifest.xml:116:17-73
165-->[androidx.work:work-runtime:2.3.4] AndroidManifest.xml:116:25-70
166                <action android:name="android.intent.action.TIMEZONE_CHANGED" />
166-->[androidx.work:work-runtime:2.3.4] AndroidManifest.xml:117:17-81
166-->[androidx.work:work-runtime:2.3.4] AndroidManifest.xml:117:25-78
167            </intent-filter>
168        </receiver>
169        <receiver
169-->[androidx.work:work-runtime:2.3.4] AndroidManifest.xml:120:9-129:20
170            android:name="androidx.work.impl.background.systemalarm.ConstraintProxyUpdateReceiver"
170-->[androidx.work:work-runtime:2.3.4] AndroidManifest.xml:121:13-99
171            android:directBootAware="false"
171-->[androidx.work:work-runtime:2.3.4] AndroidManifest.xml:122:13-44
172            android:enabled="@bool/enable_system_alarm_service_default"
172-->[androidx.work:work-runtime:2.3.4] AndroidManifest.xml:123:13-72
173            android:exported="false" >
173-->[androidx.work:work-runtime:2.3.4] AndroidManifest.xml:124:13-37
174            <intent-filter>
174-->[androidx.work:work-runtime:2.3.4] AndroidManifest.xml:126:13-128:29
175                <action android:name="androidx.work.impl.background.systemalarm.UpdateProxies" />
175-->[androidx.work:work-runtime:2.3.4] AndroidManifest.xml:127:17-98
175-->[androidx.work:work-runtime:2.3.4] AndroidManifest.xml:127:25-95
176            </intent-filter>
177        </receiver>
178
179        <service
179-->[androidx.room:room-runtime:2.2.3] AndroidManifest.xml:25:9-27:40
180            android:name="androidx.room.MultiInstanceInvalidationService"
180-->[androidx.room:room-runtime:2.2.3] AndroidManifest.xml:26:13-74
181            android:exported="false" />
181-->[androidx.room:room-runtime:2.2.3] AndroidManifest.xml:27:13-37
182    </application>
183
184</manifest>